151108 21:41:08 [Note] Plugin 'FEDERATED' is disabled.
151108 21:41:08 InnoDB: The InnoDB memory heap is disabled
151108 21:41:08 InnoDB: Mutexes and rw_locks use Windows interlocked functions
151108 21:41:08 InnoDB: Compressed tables use zlib 1.2.3
151108 21:41:08 InnoDB: Initializing buffer pool, size = 128.0M
151108 21:41:08 InnoDB: Completed initialization of buffer pool
151108 21:41:08 InnoDB: highest supported file format is Barracuda.
InnoDB: The log sequence number in ibdata files does not match
InnoDB: the log sequence number in the ib_logfiles!
151108 21:41:08  InnoDB: Database was not shut down normally!
InnoDB: Starting crash recovery.
InnoDB: Reading tablespace information from the .ibd files...
InnoDB: Restoring possible half-written data pages from the doublewrite
InnoDB: buffer...
151108 21:41:09  InnoDB: Waiting for the background threads to start
151108 21:41:10 InnoDB: 5.5.34 started; log sequence number 2634608
151108 21:41:10 [Note] Server hostname (bind-address): '0.0.0.0'; port: 3306
151108 21:41:10 [Note]   - '0.0.0.0' resolves to '0.0.0.0';
151108 21:41:10 [Note] Server socket created on IP: '0.0.0.0'.
151108 21:41:10 [Note] Event Scheduler: Loaded 0 events
151108 21:41:10 [Note] MySQL\bin\mysqld.exe: ready for connections.
Version: '5.5.34'  socket: ''  port: 3306  MySQL Community Server (GPL)
151108 22:30:53 [Note] Plugin 'FEDERATED' is disabled.
151108 22:30:53 InnoDB: The InnoDB memory heap is disabled
151108 22:30:53 InnoDB: Mutexes and rw_locks use Windows interlocked functions
151108 22:30:53 InnoDB: Compressed tables use zlib 1.2.3
151108 22:30:53 InnoDB: Initializing buffer pool, size = 128.0M
151108 22:30:53 InnoDB: Completed initialization of buffer pool
151108 22:30:53 InnoDB: highest supported file format is Barracuda.
InnoDB: The log sequence number in ibdata files does not match
InnoDB: the log sequence number in the ib_logfiles!
151108 22:30:53  InnoDB: Database was not shut down normally!
InnoDB: Starting crash recovery.
InnoDB: Reading tablespace information from the .ibd files...
InnoDB: Restoring possible half-written data pages from the doublewrite
InnoDB: buffer...
151108 22:30:54  InnoDB: Waiting for the background threads to start
151108 22:30:55 InnoDB: 5.5.34 started; log sequence number 2639321
151108 22:30:55 [Note] Server hostname (bind-address): '0.0.0.0'; port: 3306
151108 22:30:55 [Note]   - '0.0.0.0' resolves to '0.0.0.0';
151108 22:30:55 [Note] Server socket created on IP: '0.0.0.0'.
151108 22:30:55 [Note] Event Scheduler: Loaded 0 events
151108 22:30:55 [Note] MySQL\bin\mysqld.exe: ready for connections.
Version: '5.5.34'  socket: ''  port: 3306  MySQL Community Server (GPL)
151108 22:35:24 [Note] Plugin 'FEDERATED' is disabled.
151108 22:35:24 InnoDB: The InnoDB memory heap is disabled
151108 22:35:24 InnoDB: Mutexes and rw_locks use Windows interlocked functions
151108 22:35:24 InnoDB: Compressed tables use zlib 1.2.3
151108 22:35:24 InnoDB: Initializing buffer pool, size = 128.0M
151108 22:35:24 InnoDB: Completed initialization of buffer pool
151108 22:35:24 InnoDB: highest supported file format is Barracuda.
InnoDB: The log sequence number in ibdata files does not match
InnoDB: the log sequence number in the ib_logfiles!
151108 22:35:24  InnoDB: Database was not shut down normally!
InnoDB: Starting crash recovery.
InnoDB: Reading tablespace information from the .ibd files...
InnoDB: Restoring possible half-written data pages from the doublewrite
InnoDB: buffer...
151108 22:35:24  InnoDB: Waiting for the background threads to start
151108 22:35:25 InnoDB: 5.5.34 started; log sequence number 2639321
151108 22:35:25 [Note] Server hostname (bind-address): '0.0.0.0'; port: 3306
151108 22:35:25 [Note]   - '0.0.0.0' resolves to '0.0.0.0';
151108 22:35:25 [Note] Server socket created on IP: '0.0.0.0'.
151108 22:35:25 [Note] Event Scheduler: Loaded 0 events
151108 22:35:25 [Note] MySQL\bin\mysqld.exe: ready for connections.
Version: '5.5.34'  socket: ''  port: 3306  MySQL Community Server (GPL)
